# JRE version: Java(TM) SE Runtime Environment (16.0+36) (build 16+36-2231)
# Java VM: Java HotSpot(TM) 64-Bit Server VM (16+36-2231, mixed mode, sharing, tiered, compressed oops, g1 gc, windows-amd64)
GC Precious Log:
 CPUs: 4 total, 4 available
 Memory: 3993M
 Large Page Support: Disabled
 NUMA Support: Disabled
 Compressed Oops: Enabled (32-bit)
 Heap Region Size: 1M
 Heap Min Capacity: 8M
 Heap Initial Capacity: 8M
 Heap Max Capacity: 1000M
 Pre-touch: Disabled
 Parallel Workers: 4
 Concurrent Workers: 1
 Concurrent Refinement Workers: 4
 Periodic GC: Disabled
Heap:
 garbage-first heap   total 10240K, used 4303K [0x00000000c1800000, 0x0000000100000000)
  region size 1024K, 1 young (1024K), 1 survivors (1024K)
 Metaspace       used 8788K, committed 8960K, reserved 1064960K
  class space    used 995K, committed 1088K, reserved 1048576K
GC Heap History (17 events):
Event: 0.289 GC heap before
{Heap before GC invocations=0 (full 0):
 garbage-first heap   total 8192K, used 3072K [0x00000000c1800000, 0x0000000100000000)
  region size 1024K, 3 young (3072K), 0 survivors (0K)
 Metaspace       used 2476K, committed 2688K, reserved 1056768K
  class space    used 270K, committed 384K, reserved 1048576K
}
Event: 0.293 GC heap after
{Heap after GC invocations=1 (full 0):
 garbage-first heap   total 8192K, used 1120K [0x00000000c1800000, 0x0000000100000000)
  region size 1024K, 1 young (1024K), 1 survivors (1024K)
 Metaspace       used 2476K, committed 2688K, reserved 1056768K
  class space    used 270K, committed 384K, reserved 1048576K
}
Event: 0.366 GC heap before
{Heap before GC invocations=1 (full 0):
 garbage-first heap   total 8192K, used 2144K [0x00000000c1800000, 0x0000000100000000)
  region size 1024K, 2 young (2048K), 1 survivors (1024K)
 Metaspace       used 3893K, committed 4096K, reserved 1056768K
  class space    used 482K, committed 576K, reserved 1048576K
}
Event: 0.369 GC heap after
{Heap after GC invocations=2 (full 0):
 garbage-first heap   total 8192K, used 1637K [0x00000000c1800000, 0x0000000100000000)
  region size 1024K, 1 young (1024K), 1 survivors (1024K)
 Metaspace       used 3893K, committed 4096K, reserved 1056768K
  class space    used 482K, committed 576K, reserved 1048576K
}
Event: 0.465 GC heap before
{Heap before GC invocations=2 (full 0):
 garbage-first heap   total 8192K, used 2661K [0x00000000c1800000, 0x0000000100000000)
  region size 1024K, 2 young (2048K), 1 survivors (1024K)
 Metaspace       used 5944K, committed 6080K, reserved 1064960K
  class space    used 685K, committed 768K, reserved 1048576K
}
Event: 0.467 GC heap after
{Heap after GC invocations=3 (full 0):
 garbage-first heap   total 8192K, used 1958K [0x00000000c1800000, 0x0000000100000000)
  region size 1024K, 1 young (1024K), 1 survivors (1024K)
 Metaspace       used 5944K, committed 6080K, reserved 1064960K
  class space    used 685K, committed 768K, reserved 1048576K
}
Event: 0.539 GC heap before
{Heap before GC invocations=3 (full 0):
 garbage-first heap   total 8192K, used 2982K [0x00000000c1800000, 0x0000000100000000)
  region size 1024K, 2 young (2048K), 1 survivors (1024K)
 Metaspace       used 6996K, committed 7168K, reserved 1064960K
  class space    used 821K, committed 896K, reserved 1048576K
}
Event: 0.541 GC heap after
{Heap after GC invocations=4 (full 0):
 garbage-first heap   total 8192K, used 2287K [0x00000000c1800000, 0x0000000100000000)
  region size 1024K, 1 young (1024K), 1 survivors (1024K)
 Metaspace       used 6996K, committed 7168K, reserved 1064960K
  class space    used 821K, committed 896K, reserved 1048576K
}
Event: 0.615 GC heap before
{Heap before GC invocations=4 (full 0):
 garbage-first heap   total 8192K, used 3311K [0x00000000c1800000, 0x0000000100000000)
  region size 1024K, 2 young (2048K), 1 survivors (1024K)
 Metaspace       used 7731K, committed 7872K, reserved 1064960K
  class space    used 878K, committed 960K, reserved 1048576K
}
Event: 0.618 GC heap after
{Heap after GC invocations=5 (full 0):
 garbage-first heap   total 10240K, used 2550K [0x00000000c1800000, 0x0000000100000000)
  region size 1024K, 1 young (1024K), 1 survivors (1024K)
 Metaspace       used 7731K, committed 7872K, reserved 1064960K
  class space    used 878K, committed 960K, reserved 1048576K
}
Event: 0.738 GC heap before
{Heap before GC invocations=5 (full 0):
 garbage-first heap   total 10240K, used 4598K [0x00000000c1800000, 0x0000000100000000)
  region size 1024K, 3 young (3072K), 1 survivors (1024K)
 Metaspace       used 8326K, committed 8512K, reserved 1064960K
  class space    used 944K, committed 1024K, reserved 1048576K
}
Event: 0.743 GC heap after
{Heap after GC invocations=6 (full 0):
 garbage-first heap   total 10240K, used 3442K [0x00000000c1800000, 0x0000000100000000)
  region size 1024K, 1 young (1024K), 1 survivors (1024K)
 Metaspace       used 8326K, committed 8512K, reserved 1064960K
  class space    used 944K, committed 1024K, reserved 1048576K
}
Event: 0.895 GC heap before
{Heap before GC invocations=6 (full 0):
 garbage-first heap   total 10240K, used 5490K [0x00000000c1800000, 0x0000000100000000)
  region size 1024K, 3 young (3072K), 1 survivors (1024K)
 Metaspace       used 8714K, committed 8896K, reserved 1064960K
  class space    used 995K, committed 1088K, reserved 1048576K
}
Event: 0.900 GC heap after
{Heap after GC invocations=7 (full 0):
 garbage-first heap   total 10240K, used 4084K [0x00000000c1800000, 0x0000000100000000)
  region size 1024K, 1 young (1024K), 1 survivors (1024K)
 Metaspace       used 8714K, committed 8896K, reserved 1064960K
  class space    used 995K, committed 1088K, reserved 1048576K
}
Event: 0.952 GC heap before
{Heap before GC invocations=7 (full 0):
 garbage-first heap   total 10240K, used 5108K [0x00000000c1800000, 0x0000000100000000)
  region size 1024K, 2 young (2048K), 1 survivors (1024K)
 Metaspace       used 8753K, committed 8896K, reserved 1064960K
  class space    used 995K, committed 1088K, reserved 1048576K
}
Event: 0.954 GC heap after
{Heap after GC invocations=8 (full 0):
 garbage-first heap   total 10240K, used 4211K [0x00000000c1800000, 0x0000000100000000)
  region size 1024K, 1 young (1024K), 1 survivors (1024K)
 Metaspace       used 8753K, committed 8896K, reserved 1064960K
  class space    used 995K, committed 1088K, reserved 1048576K
}
Event: 0.972 GC heap before
{Heap before GC invocations=8 (full 0):
 garbage-first heap   total 10240K, used 5235K [0x00000000c1800000, 0x0000000100000000)
  region size 1024K, 2 young (2048K), 1 survivors (1024K)
 Metaspace       used 8788K, committed 8960K, reserved 1064960K
  class space    used 995K, committed 1088K, reserved 1048576K
}

