# JRE version: Java(TM) SE Runtime Environment (16.0+36) (build 16+36-2231)
# Java VM: Java HotSpot(TM) 64-Bit Server VM (16+36-2231, mixed mode, sharing, tiered, compressed oops, g1 gc, windows-amd64)
GC Precious Log:
 CPUs: 4 total, 4 available
 Memory: 3993M
 Large Page Support: Disabled
 NUMA Support: Disabled
 Compressed Oops: Enabled (32-bit)
 Heap Region Size: 1M
 Heap Min Capacity: 8M
 Heap Initial Capacity: 8M
 Heap Max Capacity: 1000M
 Pre-touch: Disabled
 Parallel Workers: 4
 Concurrent Workers: 1
 Concurrent Refinement Workers: 4
 Periodic GC: Disabled
Heap:
 garbage-first heap   total 30720K, used 14701K [0x00000000c1800000, 0x0000000100000000)
  region size 1024K, 8 young (8192K), 1 survivors (1024K)
 Metaspace       used 10145K, committed 10368K, reserved 1064960K
  class space    used 1123K, committed 1216K, reserved 1048576K
GC Heap History (20 events):
Event: 1.007 GC heap before
{Heap before GC invocations=4 (full 0):
 garbage-first heap   total 8192K, used 3361K [0x00000000c1800000, 0x0000000100000000)
  region size 1024K, 2 young (2048K), 1 survivors (1024K)
 Metaspace       used 7693K, committed 7872K, reserved 1064960K
  class space    used 877K, committed 960K, reserved 1048576K
}
Event: 1.011 GC heap after
{Heap after GC invocations=5 (full 0):
 garbage-first heap   total 8192K, used 2549K [0x00000000c1800000, 0x0000000100000000)
  region size 1024K, 1 young (1024K), 1 survivors (1024K)
 Metaspace       used 7693K, committed 7872K, reserved 1064960K
  class space    used 877K, committed 960K, reserved 1048576K
}
Event: 1.080 GC heap before
{Heap before GC invocations=5 (full 0):
 garbage-first heap   total 8192K, used 3573K [0x00000000c1800000, 0x0000000100000000)
  region size 1024K, 2 young (2048K), 1 survivors (1024K)
 Metaspace       used 7939K, committed 8128K, reserved 1064960K
  class space    used 900K, committed 1024K, reserved 1048576K
}
Event: 1.084 GC heap after
{Heap after GC invocations=6 (full 0):
 garbage-first heap   total 11264K, used 2940K [0x00000000c1800000, 0x0000000100000000)
  region size 1024K, 1 young (1024K), 1 survivors (1024K)
 Metaspace       used 7939K, committed 8128K, reserved 1064960K
  class space    used 900K, committed 1024K, reserved 1048576K
}
Event: 1.218 GC heap before
{Heap before GC invocations=6 (full 0):
 garbage-first heap   total 11264K, used 4988K [0x00000000c1800000, 0x0000000100000000)
  region size 1024K, 3 young (3072K), 1 survivors (1024K)
 Metaspace       used 8528K, committed 8704K, reserved 1064960K
  class space    used 973K, committed 1024K, reserved 1048576K
}
Event: 1.223 GC heap after
{Heap after GC invocations=7 (full 0):
 garbage-first heap   total 11264K, used 3821K [0x00000000c1800000, 0x0000000100000000)
  region size 1024K, 1 young (1024K), 1 survivors (1024K)
 Metaspace       used 8528K, committed 8704K, reserved 1064960K
  class space    used 973K, committed 1024K, reserved 1048576K
}
Event: 1.302 GC heap before
{Heap before GC invocations=7 (full 0):
 garbage-first heap   total 11264K, used 5869K [0x00000000c1800000, 0x0000000100000000)
  region size 1024K, 3 young (3072K), 1 survivors (1024K)
 Metaspace       used 8686K, committed 8896K, reserved 1064960K
  class space    used 995K, committed 1088K, reserved 1048576K
}
Event: 1.306 GC heap after
{Heap after GC invocations=8 (full 0):
 garbage-first heap   total 11264K, used 4178K [0x00000000c1800000, 0x0000000100000000)
  region size 1024K, 1 young (1024K), 1 survivors (1024K)
 Metaspace       used 8686K, committed 8896K, reserved 1064960K
  class space    used 995K, committed 1088K, reserved 1048576K
}
Event: 1.325 GC heap before
{Heap before GC invocations=8 (full 0):
 garbage-first heap   total 11264K, used 5202K [0x00000000c1800000, 0x0000000100000000)
  region size 1024K, 2 young (2048K), 1 survivors (1024K)
 Metaspace       used 8722K, committed 8896K, reserved 1064960K
  class space    used 995K, committed 1088K, reserved 1048576K
}
Event: 1.327 GC heap after
{Heap after GC invocations=9 (full 0):
 garbage-first heap   total 11264K, used 4207K [0x00000000c1800000, 0x0000000100000000)
  region size 1024K, 1 young (1024K), 1 survivors (1024K)
 Metaspace       used 8722K, committed 8896K, reserved 1064960K
  class space    used 995K, committed 1088K, reserved 1048576K
}
Event: 1.352 GC heap before
{Heap before GC invocations=9 (full 0):
 garbage-first heap   total 11264K, used 5231K [0x00000000c1800000, 0x0000000100000000)
  region size 1024K, 2 young (2048K), 1 survivors (1024K)
 Metaspace       used 8791K, committed 8960K, reserved 1064960K
  class space    used 1001K, committed 1088K, reserved 1048576K
}
Event: 1.354 GC heap after
{Heap after GC invocations=10 (full 0):
 garbage-first heap   total 18432K, used 4333K [0x00000000c1800000, 0x0000000100000000)
  region size 1024K, 1 young (1024K), 1 survivors (1024K)
 Metaspace       used 8791K, committed 8960K, reserved 1064960K
  class space    used 1001K, committed 1088K, reserved 1048576K
}
Event: 1.422 GC heap before
{Heap before GC invocations=10 (full 0):
 garbage-first heap   total 18432K, used 10477K [0x00000000c1800000, 0x0000000100000000)
  region size 1024K, 7 young (7168K), 1 survivors (1024K)
 Metaspace       used 8831K, committed 9024K, reserved 1064960K
  class space    used 1001K, committed 1088K, reserved 1048576K
}
Event: 1.427 GC heap after
{Heap after GC invocations=11 (full 0):
 garbage-first heap   total 18432K, used 5091K [0x00000000c1800000, 0x0000000100000000)
  region size 1024K, 1 young (1024K), 1 survivors (1024K)
 Metaspace       used 8831K, committed 9024K, reserved 1064960K
  class space    used 1001K, committed 1088K, reserved 1048576K
}
Event: 1.554 GC heap before
{Heap before GC invocations=11 (full 0):
 garbage-first heap   total 18432K, used 11235K [0x00000000c1800000, 0x0000000100000000)
  region size 1024K, 7 young (7168K), 1 survivors (1024K)
 Metaspace       used 9083K, committed 9216K, reserved 1064960K
  class space    used 1027K, committed 1088K, reserved 1048576K
}
Event: 1.561 GC heap after
{Heap after GC invocations=12 (full 0):
 garbage-first heap   total 18432K, used 6587K [0x00000000c1800000, 0x0000000100000000)
  region size 1024K, 1 young (1024K), 1 survivors (1024K)
 Metaspace       used 9083K, committed 9216K, reserved 1064960K
  class space    used 1027K, committed 1088K, reserved 1048576K
}
Event: 1.672 GC heap before
{Heap before GC invocations=12 (full 0):
 garbage-first heap   total 18432K, used 11707K [0x00000000c1800000, 0x0000000100000000)
  region size 1024K, 6 young (6144K), 1 survivors (1024K)
 Metaspace       used 9467K, committed 9728K, reserved 1064960K
  class space    used 1072K, committed 1216K, reserved 1048576K
}
Event: 1.679 GC heap after
{Heap after GC invocations=13 (full 0):
 garbage-first heap   total 18432K, used 8005K [0x00000000c1800000, 0x0000000100000000)
  region size 1024K, 1 young (1024K), 1 survivors (1024K)
 Metaspace       used 9467K, committed 9728K, reserved 1064960K
  class space    used 1072K, committed 1216K, reserved 1048576K
}
Event: 1.841 GC heap before
{Heap before GC invocations=13 (full 0):
 garbage-first heap   total 18432K, used 12101K [0x00000000c1800000, 0x0000000100000000)
  region size 1024K, 5 young (5120K), 1 survivors (1024K)
 Metaspace       used 9802K, committed 10048K, reserved 1064960K
  class space    used 1092K, committed 1216K, reserved 1048576K
}
Event: 1.847 GC heap after
{Heap after GC invocations=14 (full 0):
 garbage-first heap   total 30720K, used 8557K [0x00000000c1800000, 0x0000000100000000)
  region size 1024K, 1 young (1024K), 1 survivors (1024K)
 Metaspace       used 9802K, committed 10048K, reserved 1064960K
  class space    used 1092K, committed 1216K, reserved 1048576K
}

